#
# There is insufficient memory for the Java Runtime Environment to continue.
# Native memory allocation (malloc) failed to allocate 2040176 bytes for Chunk::new
# Possible reasons:
#   The system is out of physical RAM or swap space
#   The process is running with CompressedOops enabled, and the Java Heap may be blocking the growth of the native heap
# Possible solutions:
#   Reduce memory load on the system
#   Increase physical memory or swap space
#   Check if swap backing store is full
#   Decrease Java heap size (-Xmx/-Xms)
#   Decrease number of Java threads
#   Decrease Java thread stack sizes (-Xss)
#   Set larger code cache with -XX:ReservedCodeCacheSize=
#   JVM is running with Unscaled Compressed Oops mode in which the Java heap is
#     placed in the first 4GB address space. The Java Heap base address is the
#     maximum limit for the native heap growth. Please use -XX:HeapBaseMinAddress
#     to set the Java Heap base and to place the Java Heap above 4GB virtual address.
# This output file may be truncated or incomplete.
#
#  Out of Memory Error (./src/hotspot/share/memory/arena.cpp:197), pid=2508, tid=6572
#
# JRE version: OpenJDK Runtime Environment (11.0.10) (build 11.0.10+0-b96-7249189)
# Java VM: OpenJDK 64-Bit Server VM (11.0.10+0-b96-7249189, mixed mode, tiered, compressed oops, g1 gc, windows-amd64)
# No core dump will be written. Minidumps are not enabled by default on client versions of Windows
#

---------------  S U M M A R Y ------------

Command Line: --add-opens=java.base/java.util=ALL-UNNAMED --add-opens=java.base/java.lang=ALL-UNNAMED --add-opens=java.base/java.lang.invoke=ALL-UNNAMED --add-opens=java.base/java.util=ALL-UNNAMED --add-opens=java.prefs/java.util.prefs=ALL-UNNAMED --add-opens=java.prefs/java.util.prefs=ALL-UNNAMED --add-opens=java.base/java.nio.charset=ALL-UNNAMED --add-opens=java.base/java.net=ALL-UNNAMED --add-opens=java.base/java.util.concurrent.atomic=ALL-UNNAMED -Xmx1536M -Dfile.encoding=windows-1252 -Duser.country=US -Duser.language=en -Duser.variant org.gradle.launcher.daemon.bootstrap.GradleDaemon 7.1.1

Host: Intel(R) Core(TM) i5-4210U CPU @ 1.70GHz, 4 cores, 7G,  Windows 10 , 64 bit Build 19041 (10.0.19041.1202)
Time: Mon Oct 25 12:22:45 2021 W. Central Africa Standard Time elapsed time: 297.731060 seconds (0d 0h 4m 57s)

---------------  T H R E A D  ---------------

Current thread (0x0000021a67da2800):  JavaThread "C2 CompilerThread1" daemon [_thread_in_native, id=6572, stack(0x000000fda1200000,0x000000fda1300000)]


Current CompileTask:
C2: 297731 15699       4       org.gradle.internal.logging.sink.OutputEventTransformer::onOutput (399 bytes)

Stack: [0x000000fda1200000,0x000000fda1300000]
Native frames: (J=compiled Java code, j=interpreted, Vv=VM code, C=native code)
V  [jvm.dll+0x5ecfaa]
V  [jvm.dll+0x722bd5]
V  [jvm.dll+0x72412d]
V  [jvm.dll+0x7247e3]
V  [jvm.dll+0x242928]
V  [jvm.dll+0xbc4fc]
V  [jvm.dll+0xbca0c]
V  [jvm.dll+0x352d3b]
V  [jvm.dll+0x320ad3]
V  [jvm.dll+0x31ffca]
V  [jvm.dll+0x1fb602]
V  [jvm.dll+0x1fa7f4]
V  [jvm.dll+0x18354c]
V  [jvm.dll+0x208ee7]
V  [jvm.dll+0x207731]
V  [jvm.dll+0x6eb1cf]
V  [jvm.dll+0x6e3d45]
V  [jvm.dll+0x5ebe96]
C  [ucrtbase.dll+0x21bb2]
C  [KERNEL32.DLL+0x17034]
C  [ntdll.dll+0x52651]


---------------  P R O C E S S  ---------------

Threads class SMR info:
_java_thread_list=0x0000021a630e1590, length=82, elements={
0x0000021a454b2800, 0x0000021a5dd91000, 0x0000021a5dd92800, 0x0000021a5ddae000,
0x0000021a5ddb0000, 0x0000021a5ddb1000, 0x0000021a5ddb5000, 0x0000021a5ddbb800,
0x0000021a5ddbd000, 0x0000021a5e875800, 0x0000021a5eb7f800, 0x0000021a5f7de000,
0x0000021a5fb60800, 0x0000021a5f9a6000, 0x0000021a5fc6b800, 0x0000021a604b1000,
0x0000021a604b6000, 0x0000021a604b0800, 0x0000021a604b2000, 0x0000021a604b3800,
0x0000021a6085e000, 0x0000021a6085c800, 0x0000021a60858000, 0x0000021a6085e800,
0x0000021a6085f800, 0x0000021a60862000, 0x0000021a62cb8000, 0x0000021a66150800,
0x0000021a6614f800, 0x0000021a66151800, 0x0000021a62cad800, 0x0000021a62caf000,
0x0000021a62cab800, 0x0000021a62ca9800, 0x0000021a62cac800, 0x0000021a62cae000,
0x0000021a62cb0000, 0x0000021a62caa000, 0x0000021a62cb3000, 0x0000021a62cb4800,
0x0000021a62cb5800, 0x0000021a62cb7000, 0x0000021a62cb1800, 0x0000021a6085d000,
0x0000021a6085a800, 0x0000021a60863000, 0x0000021a60865800, 0x0000021a60866000,
0x0000021a60863800, 0x0000021a60867000, 0x0000021a60864800, 0x0000021a60861000,
0x0000021a6614d000, 0x0000021a66154000, 0x0000021a66152000, 0x0000021a6614e000,
0x0000021a66153000, 0x0000021a604b4800, 0x0000021a604b2800, 0x0000021a604b5000,
0x0000021a604b7000, 0x0000021a63374800, 0x0000021a63370800, 0x0000021a6336f800,
0x0000021a63373800, 0x0000021a63371000, 0x0000021a63375000, 0x0000021a63376000,
0x0000021a63377000, 0x0000021a63372000, 0x0000021a63378800, 0x0000021a63377800,
0x0000021a63372800, 0x0000021a6337b800, 0x0000021a63379000, 0x0000021a6337a000,
0x0000021a6337b000, 0x0000021a6337e000, 0x0000021a6337d800, 0x0000021a6337c800,
0x0000021a67da5800, 0x0000021a67da2800
}

Java Threads: ( => current thread )
  0x0000021a454b2800 JavaThread "main" [_thread_blocked, id=7188, stack(0x000000fd9ec00000,0x000000fd9ed00000)]
  0x0000021a5dd91000 JavaThread "Reference Handler" daemon [_thread_blocked, id=7788, stack(0x000000fd9f300000,0x000000fd9f400000)]
  0x0000021a5dd92800 JavaThread "Finalizer" daemon [_thread_blocked, id=3780, stack(0x000000fd9f400000,0x000000fd9f500000)]
  0x0000021a5ddae000 JavaThread "Signal Dispatcher" daemon [_thread_blocked, id=10456, stack(0x000000fd9f500000,0x000000fd9f600000)]
  0x0000021a5ddb0000 JavaThread "Attach Listener" daemon [_thread_blocked, id=660, stack(0x000000fd9f600000,0x000000fd9f700000)]
  0x0000021a5ddb1000 JavaThread "Service Thread" daemon [_thread_blocked, id=7576, stack(0x000000fd9f700000,0x000000fd9f800000)]
  0x0000021a5ddb5000 JavaThread "C2 CompilerThread0" daemon [_thread_blocked, id=5380, stack(0x000000fd9f800000,0x000000fd9f900000)]
  0x0000021a5ddbb800 JavaThread "C1 CompilerThread0" daemon [_thread_blocked, id=12256, stack(0x000000fd9f900000,0x000000fd9fa00000)]
  0x0000021a5ddbd000 JavaThread "Sweeper thread" daemon [_thread_blocked, id=3820, stack(0x000000fd9fa00000,0x000000fd9fb00000)]
  0x0000021a5e875800 JavaThread "Common-Cleaner" daemon [_thread_blocked, id=9652, stack(0x000000fd9fb00000,0x000000fd9fc00000)]
  0x0000021a5eb7f800 JavaThread "Daemon health stats" [_thread_blocked, id=9640, stack(0x000000fd9fd00000,0x000000fd9fe00000)]
  0x0000021a5f7de000 JavaThread "Incoming local TCP Connector on port 56703" [_thread_in_native, id=7588, stack(0x000000fda0000000,0x000000fda0100000)]
  0x0000021a5fb60800 JavaThread "Daemon periodic checks" [_thread_blocked, id=3132, stack(0x000000fda0100000,0x000000fda0200000)]
  0x0000021a5f9a6000 JavaThread "Daemon" [_thread_blocked, id=6812, stack(0x000000fda0200000,0x000000fda0300000)]
  0x0000021a5fc6b800 JavaThread "Daemon worker" [_thread_in_native, id=7736, stack(0x000000fda0500000,0x000000fda0600000)]
  0x0000021a604b1000 JavaThread "Cache worker for journal cache (C:\Users\Administrator\.gradle\caches\journal-1)" [_thread_blocked, id=10340, stack(0x000000fda0900000,0x000000fda0a00000)]
  0x0000021a604b6000 JavaThread "File lock request listener" [_thread_in_native, id=6632, stack(0x000000fda0b00000,0x000000fda0c00000)]
  0x0000021a604b0800 JavaThread "Cache worker for file hash cache (C:\Users\Administrator\.gradle\caches\7.1.1\fileHashes)" [_thread_blocked, id=6676, stack(0x000000fda0c00000,0x000000fda0d00000)]
  0x0000021a604b2000 JavaThread "File watcher server" daemon [_thread_in_native, id=8636, stack(0x000000fda0e00000,0x000000fda0f00000)]
  0x0000021a604b3800 JavaThread "File watcher consumer" daemon [_thread_blocked, id=10612, stack(0x000000fda0f00000,0x000000fda1000000)]
  0x0000021a6085e000 JavaThread "Cache worker for execution history cache (C:\Users\Administrator\.gradle\caches\7.1.1\executionHistory)" [_thread_blocked, id=1036, stack(0x000000fda1300000,0x000000fda1400000)]
  0x0000021a6085c800 JavaThread "jar transforms" [_thread_blocked, id=8920, stack(0x000000fda1500000,0x000000fda1600000)]
  0x0000021a60858000 JavaThread "jar transforms Thread 2" [_thread_blocked, id=8296, stack(0x000000fda1600000,0x000000fda1700000)]
  0x0000021a6085e800 JavaThread "Cache worker for file content cache (C:\Users\Administrator\.gradle\caches\7.1.1\fileContent)" [_thread_blocked, id=7184, stack(0x000000fda1700000,0x000000fda1800000)]
  0x0000021a6085f800 JavaThread "jar transforms Thread 3" [_thread_blocked, id=6748, stack(0x000000fda1400000,0x000000fda1500000)]
  0x0000021a60862000 JavaThread "jar transforms Thread 4" [_thread_blocked, id=3640, stack(0x000000fda1900000,0x000000fda1a00000)]
  0x0000021a62cb8000 JavaThread "Memory manager" [_thread_blocked, id=3608, stack(0x000000fda4600000,0x000000fda4700000)]
  0x0000021a66150800 JavaThread "Exec process" [_thread_blocked, id=11652, stack(0x000000fda4800000,0x000000fda4900000)]
  0x0000021a6614f800 JavaThread "Exec process Thread 2" [_thread_blocked, id=1564, stack(0x000000fda4700000,0x000000fda4800000)]
  0x0000021a66151800 JavaThread "Exec process Thread 3" [_thread_blocked, id=8860, stack(0x000000fda4900000,0x000000fda4a00000)]
  0x0000021a62cad800 JavaThread "Handler for socket connection from /127.0.0.1:56703 to /127.0.0.1:56900" [_thread_in_native, id=5296, stack(0x000000fd9e900000,0x000000fd9ea00000)]
  0x0000021a62caf000 JavaThread "Cancel handler" [_thread_blocked, id=11008, stack(0x000000fd9ea00000,0x000000fd9eb00000)]
  0x0000021a62cab800 JavaThread "Asynchronous log dispatcher for DefaultDaemonConnection: socket connection from /127.0.0.1:56703 to /127.0.0.1:56900" [_thread_blocked, id=5292, stack(0x000000fd9eb00000,0x000000fd9ec00000)]
  0x0000021a62ca9800 JavaThread "Stdin handler" [_thread_blocked, id=1204, stack(0x000000fda0300000,0x000000fda0400000)]
  0x0000021a62cac800 JavaThread "Daemon client event forwarder" [_thread_blocked, id=7624, stack(0x000000fda0400000,0x000000fda0500000)]
  0x0000021a62cae000 JavaThread "Cache worker for file hash cache (C:\Users\Administrator\AndroidStudioProjects\Pokedex\android\.gradle\7.1.1\fileHashes)" [_thread_blocked, id=5220, stack(0x000000fda0600000,0x000000fda0700000)]
  0x0000021a62cb0000 JavaThread "Cache worker for checksums cache (C:\Users\Administrator\AndroidStudioProjects\Pokedex\android\.gradle\checksums)" [_thread_blocked, id=12064, stack(0x000000fda0700000,0x000000fda0800000)]
  0x0000021a62caa000 JavaThread "Cache worker for cache directory md-supplier (C:\Users\Administrator\.gradle\caches\7.1.1\md-supplier)" [_thread_blocked, id=5440, stack(0x000000fda0800000,0x000000fda0900000)]
  0x0000021a62cb3000 JavaThread "Cache worker for cache directory md-rule (C:\Users\Administrator\.gradle\caches\7.1.1\md-rule)" [_thread_blocked, id=8412, stack(0x000000fda0d00000,0x000000fda0e00000)]
  0x0000021a62cb4800 JavaThread "Cache worker for dependencies-accessors (C:\Users\Administrator\AndroidStudioProjects\Pokedex\android\.gradle\7.1.1\dependencies-accessors)" [_thread_blocked, id=2820, stack(0x000000fda1000000,0x000000fda1100000)]
  0x0000021a62cb5800 JavaThread "Cache worker for Build Output Cleanup Cache (C:\Users\Administrator\AndroidStudioProjects\Pokedex\android\.gradle\buildOutputCleanup)" [_thread_blocked, id=6720, stack(0x000000fda1100000,0x000000fda1200000)]
  0x0000021a62cb7000 JavaThread "Unconstrained build operations" [_thread_blocked, id=8536, stack(0x000000fda1800000,0x000000fda1900000)]
  0x0000021a62cb1800 JavaThread "Unconstrained build operations Thread 2" [_thread_blocked, id=8784, stack(0x000000fda1a00000,0x000000fda1b00000)]
  0x0000021a6085d000 JavaThread "Unconstrained build operations Thread 3" [_thread_blocked, id=8896, stack(0x000000fda1b00000,0x000000fda1c00000)]
  0x0000021a6085a800 JavaThread "Unconstrained build operations Thread 4" [_thread_blocked, id=3068, stack(0x000000fda1c00000,0x000000fda1d00000)]
  0x0000021a60863000 JavaThread "Unconstrained build operations Thread 5" [_thread_blocked, id=11760, stack(0x000000fda1d00000,0x000000fda1e00000)]
  0x0000021a60865800 JavaThread "Unconstrained build operations Thread 6" [_thread_blocked, id=8480, stack(0x000000fda1e00000,0x000000fda1f00000)]
  0x0000021a60866000 JavaThread "Unconstrained build operations Thread 7" [_thread_blocked, id=5368, stack(0x000000fda1f00000,0x000000fda2000000)]
  0x0000021a60863800 JavaThread "Unconstrained build operations Thread 8" [_thread_blocked, id=3484, stack(0x000000fda2000000,0x000000fda2100000)]
  0x0000021a60867000 JavaThread "Unconstrained build operations Thread 9" [_thread_blocked, id=9124, stack(0x000000fda2100000,0x000000fda2200000)]
  0x0000021a60864800 JavaThread "Unconstrained build operations Thread 10" [_thread_blocked, id=2548, stack(0x000000fda2200000,0x000000fda2300000)]
  0x0000021a60861000 JavaThread "Unconstrained build operations Thread 11" [_thread_blocked, id=6840, stack(0x000000fda2300000,0x000000fda2400000)]
  0x0000021a6614d000 JavaThread "Unconstrained build operations Thread 12" [_thread_blocked, id=9236, stack(0x000000fda2400000,0x000000fda2500000)]
  0x0000021a66154000 JavaThread "Unconstrained build operations Thread 13" [_thread_blocked, id=11876, stack(0x000000fda2500000,0x000000fda2600000)]
  0x0000021a66152000 JavaThread "Unconstrained build operations Thread 14" [_thread_blocked, id=2228, stack(0x000000fda2600000,0x000000fda2700000)]
  0x0000021a6614e000 JavaThread "Unconstrained build operations Thread 15" [_thread_blocked, id=7328, stack(0x000000fda2700000,0x000000fda2800000)]
  0x0000021a66153000 JavaThread "Unconstrained build operations Thread 16" [_thread_blocked, id=9864, stack(0x000000fda2800000,0x000000fda2900000)]
  0x0000021a604b4800 JavaThread "Unconstrained build operations Thread 17" [_thread_blocked, id=1164, stack(0x000000fda2900000,0x000000fda2a00000)]
  0x0000021a604b2800 JavaThread "Unconstrained build operations Thread 18" [_thread_blocked, id=9772, stack(0x000000fda2a00000,0x000000fda2b00000)]
  0x0000021a604b5000 JavaThread "Unconstrained build operations Thread 19" [_thread_blocked, id=8392, stack(0x000000fda2b00000,0x000000fda2c00000)]
  0x0000021a604b7000 JavaThread "Unconstrained build operations Thread 20" [_thread_blocked, id=6200, stack(0x000000fda2c00000,0x000000fda2d00000)]
  0x0000021a63374800 JavaThread "Unconstrained build operations Thread 21" [_thread_blocked, id=236, stack(0x000000fda2d00000,0x000000fda2e00000)]
  0x0000021a63370800 JavaThread "Unconstrained build operations Thread 22" [_thread_blocked, id=208, stack(0x000000fda2e00000,0x000000fda2f00000)]
  0x0000021a6336f800 JavaThread "Unconstrained build operations Thread 23" [_thread_blocked, id=11244, stack(0x000000fda2f00000,0x000000fda3000000)]
  0x0000021a63373800 JavaThread "Unconstrained build operations Thread 24" [_thread_blocked, id=1320, stack(0x000000fda3000000,0x000000fda3100000)]
  0x0000021a63371000 JavaThread "Unconstrained build operations Thread 25" [_thread_blocked, id=8584, stack(0x000000fda3100000,0x000000fda3200000)]
  0x0000021a63375000 JavaThread "Unconstrained build operations Thread 26" [_thread_blocked, id=10316, stack(0x000000fda3200000,0x000000fda3300000)]
  0x0000021a63376000 JavaThread "Unconstrained build operations Thread 27" [_thread_blocked, id=1884, stack(0x000000fda3300000,0x000000fda3400000)]
  0x0000021a63377000 JavaThread "Unconstrained build operations Thread 28" [_thread_blocked, id=632, stack(0x000000fda3400000,0x000000fda3500000)]
  0x0000021a63372000 JavaThread "Unconstrained build operations Thread 29" [_thread_blocked, id=3076, stack(0x000000fda3500000,0x000000fda3600000)]
  0x0000021a63378800 JavaThread "Unconstrained build operations Thread 30" [_thread_blocked, id=5308, stack(0x000000fda3600000,0x000000fda3700000)]
  0x0000021a63377800 JavaThread "Unconstrained build operations Thread 31" [_thread_blocked, id=384, stack(0x000000fda3700000,0x000000fda3800000)]
  0x0000021a63372800 JavaThread "Unconstrained build operations Thread 32" [_thread_blocked, id=11468, stack(0x000000fda3800000,0x000000fda3900000)]
  0x0000021a6337b800 JavaThread "Unconstrained build operations Thread 33" [_thread_blocked, id=6964, stack(0x000000fda3900000,0x000000fda3a00000)]
  0x0000021a63379000 JavaThread "Unconstrained build operations Thread 34" [_thread_blocked, id=5192, stack(0x000000fda3a00000,0x000000fda3b00000)]
  0x0000021a6337a000 JavaThread "Unconstrained build operations Thread 35" [_thread_blocked, id=10996, stack(0x000000fda3b00000,0x000000fda3c00000)]
  0x0000021a6337b000 JavaThread "Unconstrained build operations Thread 36" [_thread_blocked, id=6576, stack(0x000000fda3c00000,0x000000fda3d00000)]
  0x0000021a6337e000 JavaThread "Unconstrained build operations Thread 37" [_thread_blocked, id=9988, stack(0x000000fda3d00000,0x000000fda3e00000)]
  0x0000021a6337d800 JavaThread "Unconstrained build operations Thread 38" [_thread_blocked, id=12248, stack(0x000000fda3e00000,0x000000fda3f00000)]
  0x0000021a6337c800 JavaThread "Unconstrained build operations Thread 39" [_thread_blocked, id=7632, stack(0x000000fda3f00000,0x000000fda4000000)]
  0x0000021a67da5800 JavaThread "Unconstrained build operations Thread 40" [_thread_blocked, id=8500, stack(0x000000fda4000000,0x000000fda4100000)]
=>0x0000021a67da2800 JavaThread "C2 CompilerThread1" daemon [_thread_in_native, id=6572, stack(0x000000fda1200000,0x000000fda1300000)]

Other Threads:
  0x0000021a5dd69800 VMThread "VM Thread" [stack: 0x000000fd9f200000,0x000000fd9f300000] [id=11724]
  0x0000021a5e87e000 WatcherThread [stack: 0x000000fd9fc00000,0x000000fd9fd00000] [id=10696]
  0x0000021a454cc000 GCTaskThread "GC Thread#0" [stack: 0x000000fd9ed00000,0x000000fd9ee00000] [id=9420]
  0x0000021a5f460800 GCTaskThread "GC Thread#1" [stack: 0x000000fd9fe00000,0x000000fd9ff00000] [id=8252]
  0x0000021a5f203800 GCTaskThread "GC Thread#2" [stack: 0x000000fd9ff00000,0x000000fda0000000] [id=2544]
  0x0000021a6019a000 GCTaskThread "GC Thread#3" [stack: 0x000000fda0a00000,0x000000fda0b00000] [id=9020]
  0x0000021a454f0800 ConcurrentGCThread "G1 Main Marker" [stack: 0x000000fd9ee00000,0x000000fd9ef00000] [id=5704]
  0x0000021a454f2000 ConcurrentGCThread "G1 Conc#0" [stack: 0x000000fd9ef00000,0x000000fd9f000000] [id=4152]
  0x0000021a45580800 ConcurrentGCThread "G1 Refine#0" [stack: 0x000000fd9f000000,0x000000fd9f100000] [id=1240]
  0x0000021a45581800 ConcurrentGCThread "G1 Young RemSet Sampling" [stack: 0x000000fd9f100000,0x000000fd9f200000] [id=8132]

Threads with active compile tasks:
C2 CompilerThread1 298922 15699       4       org.gradle.internal.logging.sink.OutputEventTransformer::onOutput (399 bytes)

VM state:not at safepoint (normal execution)

VM Mutex/Monitor currently owned by a thread: None

Heap address: 0x00000000a0000000, size: 1536 MB, Compressed Oops mode: 32-bit
Narrow klass base: 0x0000000000000000, Narrow klass shift: 3
Compressed class space size: 1073741824 Address: 0x0000000100000000

Heap:
 garbage-first heap   total 189440K, used 145779K [0x00000000a0000000, 0x0000000100000000)
  region size 1024K, 33 young (33792K), 5 survivors (5120K)
 Metaspace       used 106099K, capacity 109097K, committed 109260K, reserved 1144832K
  class space    used 13377K, capacity 14437K, committed 14540K, reserved 1048576K
Heap Regions: E=young(eden), S=young(survivor), O=old, HS=humongous(starts), HC=humongous(continues), CS=collection set, F=free, A=archive, TAMS=top-at-mark-start (previous, next)
|   0|0x00000000a0000000, 0x00000000a0100000, 0x00000000a0100000|100%|HS|  |TAMS 0x00000000a0100000, 0x00000000a0000000| Complete 
|   1|0x00000000a0100000, 0x00000000a0200000, 0x00000000a0200000|100%|HC|  |TAMS 0x00000000a0200000, 0x00000000a0100000| Complete 
|   2|0x00000000a0200000, 0x00000000a0300000, 0x00000000a0300000|100%|HC|  |TAMS 0x00000000a0300000, 0x00000000a0200000| Complete 
|   3|0x00000000a0300000, 0x00000000a0400000, 0x00000000a0400000|100%| O|  |TAMS 0x00000000a0400000, 0x00000000a0300000| Untracked 
|   4|0x00000000a0400000, 0x00000000a0500000, 0x00000000a0500000|100%| O|  |TAMS 0x00000000a0500000, 0x00000000a0400000| Untracked 
|   5|0x00000000a0500000, 0x00000000a0600000, 0x00000000a0600000|100%| O|  |TAMS 0x00000000a0600000, 0x00000000a0500000| Untracked 
|   6|0x00000000a0600000, 0x00000000a0700000, 0x00000000a0700000|100%| O|  |TAMS 0x00000000a0700000, 0x00000000a0600000| Untracked 
|   7|0x00000000a0700000, 0x00000000a0800000, 0x00000000a0800000|100%| O|  |TAMS 0x00000000a0800000, 0x00000000a0700000| Untracked 
|   8|0x00000000a0800000, 0x00000000a0900000, 0x00000000a0900000|100%| O|  |TAMS 0x00000000a0900000, 0x00000000a0800000| Untracked 
|   9|0x00000000a0900000, 0x00000000a0a00000, 0x00000000a0a00000|100%| O|  |TAMS 0x00000000a0a00000, 0x00000000a0900000| Untracked 
|  10|0x00000000a0a00000, 0x00000000a0b00000, 0x00000000a0b00000|100%| O|  |TAMS 0x00000000a0b00000, 0x00000000a0a00000| Untracked 
|  11|0x00000000a0b00000, 0x00000000a0c00000, 0x00000000a0c00000|100%| O|  |TAMS 0x00000000a0c00000, 0x00000000a0b00000| Untracked 
|  12|0x00000000a0c00000, 0x00000000a0d00000, 0x00000000a0d00000|100%| O|  |TAMS 0x00000000a0d00000, 0x00000000a0c00000| Untracked 
|  13|0x00000000a0d00000, 0x00000000a0e00000, 0x00000000a0e00000|100%| O|  |TAMS 0x00000000a0e00000, 0x00000000a0d00000| Untracked 
|  14|0x00000000a0e00000, 0x00000000a0f00000, 0x00000000a0f00000|100%| O|  |TAMS 0x00000000a0f00000, 0x00000000a0e00000| Untracked 
|  15|0x00000000a0f00000, 0x00000000a1000000, 0x00000000a1000000|100%| O|  |TAMS 0x00000000a1000000, 0x00000000a0f00000| Untracked 
|  16|0x00000000a1000000, 0x00000000a1100000, 0x00000000a1100000|100%|HS|  |TAMS 0x00000000a1100000, 0x00000000a1000000| Complete 
|  17|0x00000000a1100000, 0x00000000a1200000, 0x00000000a1200000|100%| O|  |TAMS 0x00000000a1200000, 0x00000000a1100000| Untracked 
|  18|0x00000000a1200000, 0x00000000a1300000, 0x00000000a1300000|100%| O|  |TAMS 0x00000000a1300000, 0x00000000a1200000| Untracked 
|  19|0x00000000a1300000, 0x00000000a1400000, 0x00000000a1400000|100%| O|  |TAMS 0x00000000a1400000, 0x00000000a1300000| Untracked 
|  20|0x00000000a1400000, 0x00000000a1500000, 0x00000000a1500000|100%| O|  |TAMS 0x00000000a1500000, 0x00000000a1400000| Untracked 
|  21|0x00000000a1500000, 0x00000000a1600000, 0x00000000a1600000|100%| O|  |TAMS 0x00000000a1600000, 0x00000000a1500000| Untracked 
|  22|0x00000000a1600000, 0x00000000a1700000, 0x00000000a1700000|100%| O|  |TAMS 0x00000000a1700000, 0x00000000a1600000| Untracked 
|  23|0x00000000a1700000, 0x00000000a1800000, 0x00000000a1800000|100%|HS|  |TAMS 0x00000000a1800000, 0x00000000a1700000| Complete 
|  24|0x00000000a1800000, 0x00000000a1900000, 0x00000000a1900000|100%|HC|  |TAMS 0x00000000a1900000, 0x00000000a1800000| Complete 
|  25|0x00000000a1900000, 0x00000000a1a00000, 0x00000000a1a00000|100%|HC|  |TAMS 0x00000000a1a00000, 0x00000000a1900000| Complete 
|  26|0x00000000a1a00000, 0x00000000a1b00000, 0x00000000a1b00000|100%|HS|  |TAMS 0x00000000a1b00000, 0x00000000a1a00000| Complete 
|  27|0x00000000a1b00000, 0x00000000a1c00000, 0x00000000a1c00000|100%|HC|  |TAMS 0x00000000a1c00000, 0x00000000a1b00000| Complete 
|  28|0x00000000a1c00000, 0x00000000a1d00000, 0x00000000a1d00000|100%| O|  |TAMS 0x00000000a1d00000, 0x00000000a1c00000| Untracked 
|  29|0x00000000a1d00000, 0x00000000a1e00000, 0x00000000a1e00000|100%| O|  |TAMS 0x00000000a1e00000, 0x00000000a1d00000| Untracked 
|  30|0x00000000a1e00000, 0x00000000a1f00000, 0x00000000a1f00000|100%| O|  |TAMS 0x00000000a1f00000, 0x00000000a1e00000| Untracked 
|  31|0x00000000a1f00000, 0x00000000a2000000, 0x00000000a2000000|100%| O|  |TAMS 0x00000000a2000000, 0x00000000a1f00000| Untracked 
|  32|0x00000000a2000000, 0x00000000a2100000, 0x00000000a2100000|100%| O|  |TAMS 0x00000000a2100000, 0x00000000a2000000| Untracked 
|  33|0x00000000a2100000, 0x00000000a2200000, 0x00000000a2200000|100%| O|  |TAMS 0x00000000a2200000, 0x00000000a2100000| Untracked 
|  34|0x00000000a2200000, 0x00000000a2300000, 0x00000000a2300000|100%| O|  |TAMS 0x00000000a2300000, 0x00000000a2200000| Untracked 
|  35|0x00000000a2300000, 0x00000000a2400000, 0x00000000a2400000|100%| O|  |TAMS 0x00000000a2400000, 0x00000000a2300000| Untracked 
|  36|0x00000000a2400000, 0x00000000a2500000, 0x00000000a2500000|100%| O|  |TAMS 0x00000000a2500000, 0x00000000a2400000| Untracked 
|  37|0x00000000a2500000, 0x00000000a2600000, 0x00000000a2600000|100%| O|  |TAMS 0x00000000a2600000, 0x00000000a2500000| Untracked 
|  38|0x00000000a2600000, 0x00000000a2700000, 0x00000000a2700000|100%| O|  |TAMS 0x00000000a2700000, 0x00000000a2600000| Untracked 
|  39|0x00000000a2700000, 0x00000000a2800000, 0x00000000a2800000|100%| O|  |TAMS 0x00000000a2800000, 0x00000000a2700000| Untracked 
|  40|0x00000000a2800000, 0x00000000a2900000, 0x00000000a2900000|100%| O|  |TAMS 0x00000000a2900000, 0x00000000a2800000| Untracked 
|  41|0x00000000a2900000, 0x00000000a2a00000, 0x00000000a2a00000|100%| O|  |TAMS 0x00000000a2a00000, 0x00000000a2900000| Untracked 
|  42|0x00000000a2a00000, 0x00000000a2b00000, 0x00000000a2b00000|100%| O|  |TAMS 0x00000000a2b00000, 0x00000000a2a00000| Untracked 
|  43|0x00000000a2b00000, 0x00000000a2c00000, 0x00000000a2c00000|100%|HS|  |TAMS 0x00000000a2c00000, 0x00000000a2b00000| Complete 
|  44|0x00000000a2c00000, 0x00000000a2d00000, 0x00000000a2d00000|100%|HS|  |TAMS 0x00000000a2d00000, 0x00000000a2c00000| Complete 
|  45|0x00000000a2d00000, 0x00000000a2e00000, 0x00000000a2e00000|100%|HC|  |TAMS 0x00000000a2e00000, 0x00000000a2d00000| Complete 
|  46|0x00000000a2e00000, 0x00000000a2f00000, 0x00000000a2f00000|100%| O|  |TAMS 0x00000000a2f00000, 0x00000000a2e00000| Untracked 
|  47|0x00000000a2f00000, 0x00000000a3000000, 0x00000000a3000000|100%| O|  |TAMS 0x00000000a3000000, 0x00000000a2f00000| Untracked 
|  48|0x00000000a3000000, 0x00000000a3100000, 0x00000000a3100000|100%| O|  |TAMS 0x00000000a3100000, 0x00000000a3000000| Untracked 
|  49|0x00000000a3100000, 0x00000000a3200000, 0x00000000a3200000|100%| O|  |TAMS 0x00000000a3200000, 0x00000000a3100000| Untracked 
|  50|0x00000000a3200000, 0x00000000a3300000, 0x00000000a3300000|100%| O|  |TAMS 0x00000000a3300000, 0x00000000a3200000| Untracked 
|  51|0x00000000a3300000, 0x00000000a3400000, 0x00000000a3400000|100%| O|  |TAMS 0x00000000a3400000, 0x00000000a3300000| Untracked 
|  52|0x00000000a3400000, 0x00000000a3500000, 0x00000000a3500000|100%| O|  |TAMS 0x00000000a3500000, 0x00000000a3400000| Untracked 
|  53|0x00000000a3500000, 0x00000000a3600000, 0x00000000a3600000|100%| O|  |TAMS 0x00000000a3600000, 0x00000000a3500000| Untracked 
|  54|0x00000000a3600000, 0x00000000a3700000, 0x00000000a3700000|100%| O|  |TAMS 0x00000000a3700000, 0x00000000a3600000| Untracked 
|  55|0x00000000a3700000, 0x00000000a3800000, 0x00000000a3800000|100%| O|  |TAMS 0x00000000a3800000, 0x00000000a3700000| Untracked 
|  56|0x00000000a3800000, 0x00000000a3900000, 0x00000000a3900000|100%| O|  |TAMS 0x00000000a3900000, 0x00000000a3800000| Untracked 
|  57|0x00000000a3900000, 0x00000000a3a00000, 0x00000000a3a00000|100%| O|  |TAMS 0x00000000a3a00000, 0x00000000a3900000| Untracked 
|  58|0x00000000a3a00000, 0x00000000a3b00000, 0x00000000a3b00000|100%| O|  |TAMS 0x00000000a3b00000, 0x00000000a3a00000| Untracked 
|  59|0x00000000a3b00000, 0x00000000a3c00000, 0x00000000a3c00000|100%| O|  |TAMS 0x00000000a3c00000, 0x00000000a3b00000| Untracked 
|  60|0x00000000a3c00000, 0x00000000a3d00000, 0x00000000a3d00000|100%| O|  |TAMS 0x00000000a3d00000, 0x00000000a3c00000| Untracked 
|  61|0x00000000a3d00000, 0x00000000a3e00000, 0x00000000a3e00000|100%| O|  |TAMS 0x00000000a3e00000, 0x00000000a3d00000| Untracked 
|  62|0x00000000a3e00000, 0x00000000a3f00000, 0x00000000a3f00000|100%| O|  |TAMS 0x00000000a3f00000, 0x00000000a3e00000| Untracked 
|  63|0x00000000a3f00000, 0x00000000a4000000, 0x00000000a4000000|100%| O|  |TAMS 0x00000000a4000000, 0x00000000a3f00000| Untracked 
|  64|0x00000000a4000000, 0x00000000a4100000, 0x00000000a4100000|100%| O|  |TAMS 0x00000000a4100000, 0x00000000a4000000| Untracked 
|  65|0x00000000a4100000, 0x00000000a4200000, 0x00000000a4200000|100%| O|  |TAMS 0x00000000a4200000, 0x00000000a4100000| Untracked 
|  66|0x00000000a4200000, 0x00000000a4300000, 0x00000000a4300000|100%| O|  |TAMS 0x00000000a4300000, 0x00000000a4200000| Untracked 
|  67|0x00000000a4300000, 0x00000000a4400000, 0x00000000a4400000|100%| O|  |TAMS 0x00000000a4400000, 0x00000000a4300000| Untracked 
|  68|0x00000000a4400000, 0x00000000a4500000, 0x00000000a4500000|100%| O|  |TAMS 0x00000000a4500000, 0x00000000a4400000| Untracked 
|  69|0x00000000a4500000, 0x00000000a4600000, 0x00000000a4600000|100%| O|  |TAMS 0x00000000a4600000, 0x00000000a4500000| Untracked 
|  70|0x00000000a4600000, 0x00000000a4700000, 0x00000000a4700000|100%| O|  |TAMS 0x00000000a4700000, 0x00000000a4600000| Untracked 
|  71|0x00000000a4700000, 0x00000000a4800000, 0x00000000a4800000|100%| O|  |TAMS 0x00000000a4800000, 0x00000000a4700000| Untracked 
|  72|0x00000000a4800000, 0x00000000a4900000, 0x00000000a4900000|100%| O|  |TAMS 0x00000000a4900000, 0x00000000a4800000| Untracked 
|  73|0x00000000a4900000, 0x00000000a4a00000, 0x00000000a4a00000|100%| O|  |TAMS 0x00000000a4a00000, 0x00000000a4900000| Untracked 
|  74|0x00000000a4a00000, 0x00000000a4b00000, 0x00000000a4b00000|100%| O|  |TAMS 0x00000000a4b00000, 0x00000000a4a00000| Untracked 
|  75|0x00000000a4b00000, 0x00000000a4c00000, 0x00000000a4c00000|100%| O|  |TAMS 0x00000000a4c00000, 0x00000000a4b00000| Untracked 
|  76|0x00000000a4c00000, 0x00000000a4d00000, 0x00000000a4d00000|100%| O|  |TAMS 0x00000000a4d00000, 0x00000000a4c00000| Untracked 
|  77|0x00000000a4d00000, 0x00000000a4e00000, 0x00000000a4e00000|100%| O|  |TAMS 0x00000000a4e00000, 0x00000000a4d00000| Untracked 
|  78|0x00000000a4e00000, 0x00000000a4f00000, 0x00000000a4f00000|100%| O|  |TAMS 0x00000000a4f00000, 0x00000000a4e00000| Untracked 
|  79|0x00000000a4f00000, 0x00000000a5000000, 0x00000000a5000000|100%| O|  |TAMS 0x00000000a5000000, 0x00000000a4f00000| Untracked 
|  80|0x00000000a5000000, 0x00000000a5100000, 0x00000000a5100000|100%|HS|  |TAMS 0x00000000a5100000, 0x00000000a5000000| Complete 
|  81|0x00000000a5100000, 0x00000000a5200000, 0x00000000a5200000|100%| O|  |TAMS 0x00000000a5200000, 0x00000000a5100000| Untracked 
|  82|0x00000000a5200000, 0x00000000a5300000, 0x00000000a5300000|100%|HS|  |TAMS 0x00000000a5300000, 0x00000000a5200000| Complete 
|  83|0x00000000a5300000, 0x00000000a5400000, 0x00000000a5400000|100%| O|  |TAMS 0x00000000a5400000, 0x00000000a5300000| Untracked 
|  84|0x00000000a5400000, 0x00000000a5500000, 0x00000000a5500000|100%| O|  |TAMS 0x00000000a5500000, 0x00000000a5400000| Untracked 
|  85|0x00000000a5500000, 0x00000000a5600000, 0x00000000a5600000|100%| O|  |TAMS 0x00000000a5600000, 0x00000000a5500000| Untracked 
|  86|0x00000000a5600000, 0x00000000a5700000, 0x00000000a5700000|100%| O|  |TAMS 0x00000000a5700000, 0x00000000a5600000| Untracked 
|  87|0x00000000a5700000, 0x00000000a5800000, 0x00000000a5800000|100%| O|  |TAMS 0x00000000a5800000, 0x00000000a5700000| Untracked 
|  88|0x00000000a5800000, 0x00000000a5900000, 0x00000000a5900000|100%| O|  |TAMS 0x00000000a5900000, 0x00000000a5800000| Untracked 
|  89|0x00000000a5900000, 0x00000000a5a00000, 0x00000000a5a00000|100%| O|  |TAMS 0x00000000a5a00000, 0x00000000a5900000| Untracked 
|  90|0x00000000a5a00000, 0x00000000a5b00000, 0x00000000a5b00000|100%| O|  |TAMS 0x00000000a5b00000, 0x00000000a5a00000| Untracked 
|  91|0x00000000a5b00000, 0x00000000a5c00000, 0x00000000a5c00000|100%| O|  |TAMS 0x00000000a5c00000, 0x00000000a5b00000| Untracked 
|  92|0x00000000a5c00000, 0x00000000a5d00000, 0x00000000a5d00000|100%| O|  |TAMS 0x00000000a5d00000, 0x00000000a5c00000| Untracked 
|  93|0x00000000a5d00000, 0x00000000a5e00000, 0x00000000a5e00000|100%| O|  |TAMS 0x00000000a5e00000, 0x00000000a5d00000| Untracked 
|  94|0x00000000a5e00000, 0x00000000a5f00000, 0x00000000a5f00000|100%| O|  |TAMS 0x00000000a5f00000, 0x00000000a5e00000| Untracked 
|  95|0x00000000a5f00000, 0x00000000a6000000, 0x00000000a6000000|100%| O|  |TAMS 0x00000000a6000000, 0x00000000a5f00000| Untracked 
|  96|0x00000000a6000000, 0x00000000a6100000, 0x00000000a6100000|100%| O|  |TAMS 0x00000000a6100000, 0x00000000a6000000| Untracked 
|  97|0x00000000a6100000, 0x00000000a6200000, 0x00000000a6200000|100%| O|  |TAMS 0x00000000a6200000, 0x00000000a6100000| Untracked 
|  98|0x00000000a6200000, 0x00000000a6300000, 0x00000000a6300000|100%| O|  |TAMS 0x00000000a6300000, 0x00000000a6200000| Untracked 
|  99|0x00000000a6300000, 0x00000000a6400000, 0x00000000a6400000|100%| O|  |TAMS 0x00000000a6400000, 0x00000000a6300000| Untracked 
| 100|0x00000000a6400000, 0x00000000a6500000, 0x00000000a6500000|100%| O|  |TAMS 0x00000000a6500000, 0x00000000a6400000| Untracked 
| 101|0x00000000a6500000, 0x00000000a6600000, 0x00000000a6600000|100%| O|  |TAMS 0x00000000a6600000, 0x00000000a6500000| Untracked 
| 102|0x00000000a6600000, 0x00000000a6700000, 0x00000000a6700000|100%| O|  |TAMS 0x00000000a6700000, 0x00000000a6600000| Untracked 
| 103|0x00000000a6700000, 0x00000000a6800000, 0x00000000a6800000|100%| O|  |TAMS 0x00000000a6800000, 0x00000000a6700000| Untracked 
| 104|0x00000000a6800000, 0x00000000a6900000, 0x00000000a6900000|100%| O|  |TAMS 0x00000000a6900000, 0x00000000a6800000| Untracked 
| 105|0x00000000a6900000, 0x00000000a6a00000, 0x00000000a6a00000|100%| O|  |TAMS 0x00000000a6a00000, 0x00000000a6900000| Untracked 
| 106|0x00000000a6a00000, 0x00000000a6b00000, 0x00000000a6b00000|100%| O|  |TAMS 0x00000000a6b00000, 0x00000000a6a00000| Untracked 
| 107|0x00000000a6b00000, 0x00000000a6c00000, 0x00000000a6c00000|100%| O|  |TAMS 0x00000000a6c00000, 0x00000000a6b00000| Untracked 
| 108|0x00000000a6c00000, 0x00000000a6d00000, 0x00000000a6d00000|100%| O|  |TAMS 0x00000000a6d00000, 0x00000000a6c00000| Untracked 
| 109|0x00000000a6d00000, 0x00000000a6e00000, 0x00000000a6e00000|100%| O|  |TAMS 0x00000000a6d29200, 0x00000000a6d00000| Untracked 
| 110|0x00000000a6e00000, 0x00000000a6ecd600, 0x00000000a6f00000| 80%| O|  |TAMS 0x00000000a6e00000, 0x00000000a6e00000| Untracked 
| 111|0x00000000a6f00000, 0x00000000a6f00000, 0x00000000a7000000|  0%| F|  |TAMS 0x00000000a6f00000, 0x00000000a6f00000| Untracked 
| 112|0x00000000a7000000, 0x00000000a7000000, 0x00000000a7100000|  0%| F|  |TAMS 0x00000000a7000000, 0x00000000a7000000| Untracked 
| 113|0x00000000a7100000, 0x00000000a7100000, 0x00000000a7200000|  0%| F|  |TAMS 0x00000000a7100000, 0x00000000a7100000| Untracked 
| 114|0x00000000a7200000, 0x00000000a7200000, 0x00000000a7300000|  0%| F|  |TAMS 0x00000000a7200000, 0x00000000a7200000| Untracked 
| 115|0x00000000a7300000, 0x00000000a7300000, 0x00000000a7400000|  0%| F|  |TAMS 0x00000000a7300000, 0x00000000a7300000| Untracked 
| 116|0x00000000a7400000, 0x00000000a7400000, 0x00000000a7500000|  0%| F|  |TAMS 0x00000000a7400000, 0x00000000a7400000| Untracked 
| 117|0x00000000a7500000, 0x00000000a7500000, 0x00000000a7600000|  0%| F|  |TAMS 0x00000000a7500000, 0x00000000a7500000| Untracked 
| 118|0x00000000a7600000, 0x00000000a7600000, 0x00000000a7700000|  0%| F|  |TAMS 0x00000000a7600000, 0x00000000a7600000| Untracked 
| 119|0x00000000a7700000, 0x00000000a7700000, 0x00000000a7800000|  0%| F|  |TAMS 0x00000000a7700000, 0x00000000a7700000| Untracked 
| 120|0x00000000a7800000, 0x00000000a7800000, 0x00000000a7900000|  0%| F|  |TAMS 0x00000000a7800000, 0x00000000a7800000| Untracked 
| 121|0x00000000a7900000, 0x00000000a7900000, 0x00000000a7a00000|  0%| F|  |TAMS 0x00000000a7900000, 0x00000000a7900000| Untracked 
| 122|0x00000000a7a00000, 0x00000000a7a00000, 0x00000000a7b00000|  0%| F|  |TAMS 0x00000000a7a00000, 0x00000000a7a00000| Untracked 
| 123|0x00000000a7b00000, 0x00000000a7b00000, 0x00000000a7c00000|  0%| F|  |TAMS 0x00000000a7b00000, 0x00000000a7b00000| Untracked 
| 124|0x00000000a7c00000, 0x00000000a7c00000, 0x00000000a7d00000|  0%| F|  |TAMS 0x00000000a7c00000, 0x00000000a7c00000| Untracked 
| 125|0x00000000a7d00000, 0x00000000a7d00000, 0x00000000a7e00000|  0%| F|  |TAMS 0x00000000a7d00000, 0x00000000a7d00000| Untracked 
| 126|0x00000000a7e00000, 0x00000000a7e00000, 0x00000000a7f00000|  0%| F|  |TAMS 0x00000000a7e00000, 0x00000000a7e00000| Untracked 
| 127|0x00000000a7f00000, 0x00000000a7f00000, 0x00000000a8000000|  0%| F|  |TAMS 0x00000000a7f00000, 0x00000000a7f00000| Untracked 
| 128|0x00000000a8000000, 0x00000000a8000000, 0x00000000a8100000|  0%| F|  |TAMS 0x00000000a8000000, 0x00000000a8000000| Untracked 
| 129|0x00000000a8100000, 0x00000000a8100000, 0x00000000a8200000|  0%| F|  |TAMS 0x00000000a8100000, 0x00000000a8100000| Untracked 
| 130|0x00000000a8200000, 0x00000000a8200000, 0x00000000a8300000|  0%| F|  |TAMS 0x00000000a8200000, 0x00000000a8200000| Untracked 
| 131|0x00000000a8300000, 0x00000000a8300000, 0x00000000a8400000|  0%| F|  |TAMS 0x00000000a8300000, 0x00000000a8300000| Untracked 
| 132|0x00000000a8400000, 0x00000000a848f6a0, 0x00000000a8500000| 56%| S|CS|TAMS 0x00000000a8400000, 0x00000000a8400000| Complete 
| 133|0x00000000a8500000, 0x00000000a8500000, 0x00000000a8600000|  0%| F|  |TAMS 0x00000000a8500000, 0x00000000a8500000| Untracked 
| 134|0x00000000a8600000, 0x00000000a8600000, 0x00000000a8700000|  0%| F|  |TAMS 0x00000000a8600000, 0x00000000a8600000| Untracked 
| 135|0x00000000a8700000, 0x00000000a8800000, 0x00000000a8800000|100%| S|CS|TAMS 0x00000000a8700000, 0x00000000a8700000| Complete 
| 136|0x00000000a8800000, 0x00000000a8900000, 0x00000000a8900000|100%| S|CS|TAMS 0x00000000a8800000, 0x00000000a8800000| Complete 
| 137|0x00000000a8900000, 0x00000000a8a00000, 0x00000000a8a00000|100%| S|CS|TAMS 0x00000000a8900000, 0x00000000a8900000| Complete 
| 138|0x00000000a8a00000, 0x00000000a8b00000, 0x00000000a8b00000|100%| S|CS|TAMS 0x00000000a8a00000, 0x00000000a8a00000| Complete 
| 139|0x00000000a8b00000, 0x00000000a8b00000, 0x00000000a8c00000|  0%| F|  |TAMS 0x00000000a8b00000, 0x00000000a8b00000| Untracked 
| 140|0x00000000a8c00000, 0x00000000a8c00000, 0x00000000a8d00000|  0%| F|  |TAMS 0x00000000a8c00000, 0x00000000a8c00000| Untracked 
| 141|0x00000000a8d00000, 0x00000000a8d00000, 0x00000000a8e00000|  0%| F|  |TAMS 0x00000000a8d00000, 0x00000000a8d00000| Untracked 
| 142|0x00000000a8e00000, 0x00000000a8e00000, 0x00000000a8f00000|  0%| F|  |TAMS 0x00000000a8e00000, 0x00000000a8e00000| Untracked 
| 143|0x00000000a8f00000, 0x00000000a8f00000, 0x00000000a9000000|  0%| F|  |TAMS 0x00000000a8f00000, 0x00000000a8f00000| Untracked 
| 144|0x00000000a9000000, 0x00000000a9000000, 0x00000000a9100000|  0%| F|  |TAMS 0x00000000a9000000, 0x00000000a9000000| Untracked 
| 145|0x00000000a9100000, 0x00000000a9100000, 0x00000000a9200000|  0%| F|  |TAMS 0x00000000a9100000, 0x00000000a9100000| Untracked 
| 146|0x00000000a9200000, 0x00000000a9200000, 0x00000000a9300000|  0%| F|  |TAMS 0x00000000a9200000, 0x00000000a9200000| Untracked 
| 147|0x00000000a9300000, 0x00000000a9300000, 0x00000000a9400000|  0%| F|  |TAMS 0x00000000a9300000, 0x00000000a9300000| Untracked 
| 148|0x00000000a9400000, 0x00000000a9400000, 0x00000000a9500000|  0%| F|  |TAMS 0x00000000a9400000, 0x00000000a9400000| Untracked 
| 149|0x00000000a9500000, 0x00000000a9500000, 0x00000000a9600000|  0%| F|  |TAMS 0x00000000a9500000, 0x00000000a9500000| Untracked 
| 150|0x00000000a9600000, 0x00000000a9600000, 0x00000000a9700000|  0%| F|  |TAMS 0x00000000a9600000, 0x00000000a9600000| Untracked 
| 151|0x00000000a9700000, 0x00000000a9700000, 0x00000000a9800000|  0%| F|  |TAMS 0x00000000a9700000, 0x00000000a9700000| Untracked 
| 152|0x00000000a9800000, 0x00000000a9800000, 0x00000000a9900000|  0%| F|  |TAMS 0x00000000a9800000, 0x00000000a9800000| Untracked 
| 153|0x00000000a9900000, 0x00000000a9900000, 0x00000000a9a00000|  0%| F|  |TAMS 0x00000000a9900000, 0x00000000a9900000| Untracked 
| 154|0x00000000a9a00000, 0x00000000a9a00000, 0x00000000a9b00000|  0%| F|  |TAMS 0x00000000a9a00000, 0x00000000a9a00000| Untracked 
| 155|0x00000000a9b00000, 0x00000000a9b00000, 0x00000000a9c00000|  0%| F|  |TAMS 0x00000000a9b00000, 0x00000000a9b00000| Untracked 
| 156|0x00000000a9c00000, 0x00000000a9c00000, 0x00000000a9d00000|  0%| F|  |TAMS 0x00000000a9c00000, 0x00000000a9c00000| Untracked 
| 157|0x00000000a9d00000, 0x00000000a9d80800, 0x00000000a9e00000| 50%| E|  |TAMS 0x00000000a9d00000, 0x00000000a9d00000| Complete 
| 158|0x00000000a9e00000, 0x00000000a9f00000, 0x00000000a9f00000|100%| E|CS|TAMS 0x00000000a9e00000, 0x00000000a9e00000| Complete 
| 159|0x00000000a9f00000, 0x00000000aa000000, 0x00000000aa000000|100%| E|CS|TAMS 0x00000000a9f00000, 0x00000000a9f00000| Complete 
| 160|0x00000000aa000000, 0x00000000aa100000, 0x00000000aa100000|100%| E|CS|TAMS 0x00000000aa000000, 0x00000000aa000000| Complete 
| 161|0x00000000aa100000, 0x00000000aa200000, 0x00000000aa200000|100%| E|CS|TAMS 0x00000000aa100000, 0x00000000aa100000| Complete 
| 162|0x00000000aa200000, 0x00000000aa300000, 0x00000000aa300000|100%| E|CS|TAMS 0x00000000aa200000, 0x00000000aa200000| Complete 
| 163|0x00000000aa300000, 0x00000000aa400000, 0x00000000aa400000|100%| E|CS|TAMS 0x00000000aa300000, 0x00000000aa300000| Complete 
| 164|0x00000000aa400000, 0x00000000aa500000, 0x00000000aa500000|100%| E|CS|TAMS 0x00000000aa400000, 0x00000000aa400000| Complete 
| 165|0x00000000aa500000, 0x00000000aa600000, 0x00000000aa600000|100%| E|CS|TAMS 0x00000000aa500000, 0x00000000aa500000| Complete 
| 166|0x00000000aa600000, 0x00000000aa700000, 0x00000000aa700000|100%| E|CS|TAMS 0x00000000aa600000, 0x00000000aa600000| Complete 
| 167|0x00000000aa700000, 0x00000000aa800000, 0x00000000aa800000|100%| E|CS|TAMS 0x00000000aa700000, 0x00000000aa700000| Complete 
| 168|0x00000000aa800000, 0x00000000aa900000, 0x00000000aa900000|100%| E|CS|TAMS 0x00000000aa800000, 0x00000000aa800000| Complete 
| 169|0x00000000aa900000, 0x00000000aaa00000, 0x00000000aaa00000|100%| E|CS|TAMS 0x00000000aa900000, 0x00000000aa900000| Complete 
| 170|0x00000000aaa00000, 0x00000000aab00000, 0x00000000aab00000|100%| E|CS|TAMS 0x00000000aaa00000, 0x00000000aaa00000| Complete 
| 171|0x00000000aab00000, 0x00000000aac00000, 0x00000000aac00000|100%| E|CS|TAMS 0x00000000aab00000, 0x00000000aab00000| Complete 
| 172|0x00000000aac00000, 0x00000000aad00000, 0x00000000aad00000|100%| E|CS|TAMS 0x00000000aac00000, 0x00000000aac00000| Complete 
| 173|0x00000000aad00000, 0x00000000aae00000, 0x00000000aae00000|100%| E|CS|TAMS 0x00000000aad00000, 0x00000000aad00000| Complete 
| 174|0x00000000aae00000, 0x00000000aaf00000, 0x00000000aaf00000|100%| E|CS|TAMS 0x00000000aae00000, 0x00000000aae00000| Complete 
| 175|0x00000000aaf00000, 0x00000000ab000000, 0x00000000ab000000|100%| E|CS|TAMS 0x00000000aaf00000, 0x00000000aaf00000| Complete 
| 176|0x00000000ab000000, 0x00000000ab100000, 0x00000000ab100000|100%| E|CS|TAMS 0x00000000ab000000, 0x00000000ab000000| Complete 
| 177|0x00000000ab100000, 0x00000000ab200000, 0x00000000ab200000|100%| E|CS|TAMS 0x00000000ab100000, 0x00000000ab100000| Complete 
| 178|0x00000000ab200000, 0x00000000ab300000, 0x00000000ab300000|100%| E|CS|TAMS 0x00000000ab200000, 0x00000000ab200000| Complete 
| 179|0x00000000ab300000, 0x00000000ab400000, 0x00000000ab400000|100%| E|CS|TAMS 0x00000000ab300000, 0x00000000ab300000| Complete 
| 180|0x00000000ab400000, 0x00000000ab500000, 0x00000000ab500000|100%| E|CS|TAMS 0x00000000ab400000, 0x00000000ab400000| Complete 
| 181|0x00000000ab500000, 0x00000000ab600000, 0x00000000ab600000|100%| E|CS|TAMS 0x00000000ab500000, 0x00000000ab500000| Complete 
| 182|0x00000000ab600000, 0x00000000ab700000, 0x00000000ab700000|100%| E|CS|TAMS 0x00000000ab600000, 0x00000000ab600000| Complete 
| 183|0x00000000ab700000, 0x00000000ab800000, 0x00000000ab800000|100%| E|CS|TAMS 0x00000000ab700000, 0x00000000ab700000| Complete 
| 184|0x00000000ab800000, 0x00000000ab900000, 0x00000000ab900000|100%| E|CS|TAMS 0x00000000ab800000, 0x00000000ab800000| Complete 

Card table byte_map: [0x0000021a582a0000,0x0000021a585a0000] _byte_map_base: 0x0000021a57da0000

Marking Bits (Prev, Next): (CMBitMap*) 0x0000021a454e9e68, (CMBitMap*) 0x0000021a454e9ea0
 Prev Bits: [0x0000021a588a0000, 0x0000021a5a0a0000)
 Next Bits: [0x0000021a5a0a0000, 0x0000021a5b8a0000)

Polling page: 0x0000021a43340000

Metaspace:

Usage:
  Non-class:     92.44 MB capacity,    90.55 MB ( 98%) used,     1.61 MB (  2%) free+waste,   292.19 KB ( <1%) overhead. 
      Class:     14.10 MB capacity,    13.06 MB ( 93%) used,   927.69 KB (  6%) free+waste,   131.50 KB ( <1%) overhead. 
       Both:    106.54 MB capacity,   103.61 MB ( 97%) used,     2.51 MB (  2%) free+waste,   423.69 KB ( <1%) overhead. 

Virtual space:
  Non-class space:       94.00 MB reserved,      92.50 MB ( 98%) committed 
      Class space:        1.00 GB reserved,      14.20 MB (  1%) committed 
             Both:        1.09 GB reserved,     106.70 MB ( 10%) committed 

Chunk freelists:
   Non-Class:  60.00 KB
       Class:  0 bytes
        Both:  60.00 KB

MaxMetaspaceSize: 17179869184.00 GB
CompressedClassSpaceSize: 1.00 GB

CodeHeap 'non-profiled nmethods': size=120064Kb used=12349Kb max_used=12349Kb free=107714Kb
 bounds [0x0000021a50a60000, 0x0000021a51670000, 0x0000021a57fa0000]
CodeHeap 'profiled nmethods': size=120000Kb used=33661Kb max_used=33661Kb free=86338Kb
 bounds [0x0000021a49530000, 0x0000021a4b620000, 0x0000021a50a60000]
CodeHeap 'non-nmethods': size=5696Kb used=2315Kb max_used=2372Kb free=3380Kb
 bounds [0x0000021a48fa0000, 0x0000021a49210000, 0x0000021a49530000]
 total_blobs=15842 nmethods=14905 adapters=848
 compilation: enabled
              stopped_count=0, restarted_count=0
 full_count=0

Compilation events (20 events):
Event: 297.679 Thread 0x0000021a5ddbb800 nmethod 15846 0x0000021a4b5f4810 code [0x0000021a4b5f49e0, 0x0000021a4b5f4d38]
Event: 297.679 Thread 0x0000021a5ddbb800 15847       3       org.gradle.api.internal.artifacts.configurations.DefaultConfiguration$ArtifactViewConfiguration::attributes (12 bytes)
Event: 297.679 Thread 0x0000021a5ddbb800 nmethod 15847 0x0000021a4b5f4e90 code [0x0000021a4b5f5060, 0x0000021a4b5f52f8]
Event: 297.679 Thread 0x0000021a5ddbb800 15848       3       org.gradle.api.internal.artifacts.configurations.DefaultConfiguration$ConfigurationResolvableDependencies$ConfigurationArtifactView::getArtifacts (27 bytes)
Event: 297.679 Thread 0x0000021a5ddbb800 nmethod 15848 0x0000021a4b5f5410 code [0x0000021a4b5f55e0, 0x0000021a4b5f5788]
Event: 297.680 Thread 0x0000021a5ddbb800 15849       3       com.android.build.api.artifact.impl.SingleInitialProviderRequestImpl$on$1::execute (9 bytes)
Event: 297.680 Thread 0x0000021a5ddbb800 nmethod 15849 0x0000021a4b5f5890 code [0x0000021a4b5f5a60, 0x0000021a4b5f5c88]
Event: 297.680 Thread 0x0000021a5ddbb800 15850       3       com.android.build.api.artifact.impl.SingleInitialProviderRequestImpl$on$1::execute (352 bytes)
Event: 297.683 Thread 0x0000021a5ddbb800 nmethod 15850 0x0000021a4b5f5d90 code [0x0000021a4b5f6180, 0x0000021a4b5f7f78]
Event: 297.683 Thread 0x0000021a5ddbb800 15852       3       org.gradle.internal.deprecation.DeprecatedFeatureUsage::append (19 bytes)
Event: 297.683 Thread 0x0000021a5ddbb800 nmethod 15852 0x0000021a4b5f8890 code [0x0000021a4b5f8aa0, 0x0000021a4b5f8f18]
Event: 297.683 Thread 0x0000021a5ddbb800 15851       3       java.net.URL::<init> (7 bytes)
Event: 297.683 Thread 0x0000021a5ddbb800 nmethod 15851 0x0000021a4b5f9110 code [0x0000021a4b5f92e0, 0x0000021a4b5f9488]
Event: 297.684 Thread 0x0000021a5ddbb800 15853       3       org.jetbrains.kotlin.gradle.plugin.mpp.AbstractKotlinCompilation$addSourcesToCompileTask$2::isSatisfiedBy (9 bytes)
Event: 297.684 Thread 0x0000021a5ddbb800 nmethod 15853 0x0000021a4b5f9590 code [0x0000021a4b5f97a0, 0x0000021a4b5f9d88]
Event: 297.684 Thread 0x0000021a5ddbb800 15854       3       org.jetbrains.kotlin.gradle.plugin.mpp.AbstractKotlinCompilation$addSourcesToCompileTask$2::isSatisfiedBy (21 bytes)
Event: 297.685 Thread 0x0000021a5ddbb800 nmethod 15854 0x0000021a4b5f9f90 code [0x0000021a4b5fa180, 0x0000021a4b5fa628]
Event: 297.685 Thread 0x0000021a5ddbb800 15855       3       com.google.common.collect.ImmutableList::asImmutableList (60 bytes)
Event: 297.687 Thread 0x0000021a5ddbb800 nmethod 15855 0x0000021a4b5fa810 code [0x0000021a4b5faa80, 0x0000021a4b5fb458]
Event: 297.687 Thread 0x0000021a5ddbb800 15856       3       java.util.Spliterators$EmptySpliterator$OfRef::tryAdvance (6 bytes)

GC Heap History (20 events):
Event: 204.950 GC heap before
{Heap before GC invocations=80 (full 0):
 garbage-first heap   total 189440K, used 159248K [0x00000000a0000000, 0x0000000100000000)
  region size 1024K, 47 young (48128K), 1 survivors (1024K)
 Metaspace       used 95848K, capacity 98485K, committed 98764K, reserved 1134592K
  class space    used 12272K, capacity 13194K, committed 13260K, reserved 1048576K
}
Event: 204.952 GC heap after
{Heap after GC invocations=81 (full 0):
 garbage-first heap   total 189440K, used 111876K [0x00000000a0000000, 0x0000000100000000)
  region size 1024K, 1 young (1024K), 1 survivors (1024K)
 Metaspace       used 95848K, capacity 98485K, committed 98764K, reserved 1134592K
  class space    used 12272K, capacity 13194K, committed 13260K, reserved 1048576K
}
Event: 212.069 GC heap before
{Heap before GC invocations=82 (full 0):
 garbage-first heap   total 189440K, used 161028K [0x00000000a0000000, 0x0000000100000000)
  region size 1024K, 49 young (50176K), 1 survivors (1024K)
 Metaspace       used 95855K, capacity 98485K, committed 98764K, reserved 1134592K
  class space    used 12272K, capacity 13194K, committed 13260K, reserved 1048576K
}
Event: 212.071 GC heap after
{Heap after GC invocations=83 (full 0):
 garbage-first heap   total 189440K, used 111815K [0x00000000a0000000, 0x0000000100000000)
  region size 1024K, 1 young (1024K), 1 survivors (1024K)
 Metaspace       used 95855K, capacity 98485K, committed 98764K, reserved 1134592K
  class space    used 12272K, capacity 13194K, committed 13260K, reserved 1048576K
}
Event: 214.981 GC heap before
{Heap before GC invocations=83 (full 0):
 garbage-first heap   total 189440K, used 161991K [0x00000000a0000000, 0x0000000100000000)
  region size 1024K, 50 young (51200K), 1 survivors (1024K)
 Metaspace       used 95855K, capacity 98485K, committed 98764K, reserved 1134592K
  class space    used 12272K, capacity 13194K, committed 13260K, reserved 1048576K
}
Event: 214.982 GC heap after
{Heap after GC invocations=84 (full 0):
 garbage-first heap   total 189440K, used 111792K [0x00000000a0000000, 0x0000000100000000)
  region size 1024K, 1 young (1024K), 1 survivors (1024K)
 Metaspace       used 95855K, capacity 98485K, committed 98764K, reserved 1134592K
  class space    used 12272K, capacity 13194K, committed 13260K, reserved 1048576K
}
Event: 221.855 GC heap before
{Heap before GC invocations=85 (full 0):
 garbage-first heap   total 189440K, used 161968K [0x00000000a0000000, 0x0000000100000000)
  region size 1024K, 50 young (51200K), 1 survivors (1024K)
 Metaspace       used 95855K, capacity 98485K, committed 98764K, reserved 1134592K
  class space    used 12272K, capacity 13194K, committed 13260K, reserved 1048576K
}
Event: 221.858 GC heap after
{Heap after GC invocations=86 (full 0):
 garbage-first heap   total 189440K, used 111792K [0x00000000a0000000, 0x0000000100000000)
  region size 1024K, 1 young (1024K), 1 survivors (1024K)
 Metaspace       used 95855K, capacity 98485K, committed 98764K, reserved 1134592K
  class space    used 12272K, capacity 13194K, committed 13260K, reserved 1048576K
}
Event: 227.027 GC heap before
{Heap before GC invocations=86 (full 0):
 garbage-first heap   total 189440K, used 162992K [0x00000000a0000000, 0x0000000100000000)
  region size 1024K, 51 young (52224K), 1 survivors (1024K)
 Metaspace       used 95855K, capacity 98485K, committed 98764K, reserved 1134592K
  class space    used 12272K, capacity 13194K, committed 13260K, reserved 1048576K
}
Event: 227.029 GC heap after
{Heap after GC invocations=87 (full 0):
 garbage-first heap   total 189440K, used 111792K [0x00000000a0000000, 0x0000000100000000)
  region size 1024K, 1 young (1024K), 1 survivors (1024K)
 Metaspace       used 95855K, capacity 98485K, committed 98764K, reserved 1134592K
  class space    used 12272K, capacity 13194K, committed 13260K, reserved 1048576K
}
Event: 231.224 GC heap before
{Heap before GC invocations=88 (full 0):
 garbage-first heap   total 189440K, used 164016K [0x00000000a0000000, 0x0000000100000000)
  region size 1024K, 52 young (53248K), 1 survivors (1024K)
 Metaspace       used 95856K, capacity 98485K, committed 98764K, reserved 1134592K
  class space    used 12272K, capacity 13194K, committed 13260K, reserved 1048576K
}
Event: 231.226 GC heap after
{Heap after GC invocations=89 (full 0):
 garbage-first heap   total 189440K, used 111792K [0x00000000a0000000, 0x0000000100000000)
  region size 1024K, 1 young (1024K), 1 survivors (1024K)
 Metaspace       used 95856K, capacity 98485K, committed 98764K, reserved 1134592K
  class space    used 12272K, capacity 13194K, committed 13260K, reserved 1048576K
}
Event: 235.674 GC heap before
{Heap before GC invocations=89 (full 0):
 garbage-first heap   total 189440K, used 165040K [0x00000000a0000000, 0x0000000100000000)
  region size 1024K, 53 young (54272K), 1 survivors (1024K)
 Metaspace       used 95856K, capacity 98485K, committed 98764K, reserved 1134592K
  class space    used 12272K, capacity 13194K, committed 13260K, reserved 1048576K
}
Event: 235.678 GC heap after
{Heap after GC invocations=90 (full 0):
 garbage-first heap   total 189440K, used 111792K [0x00000000a0000000, 0x0000000100000000)
  region size 1024K, 1 young (1024K), 1 survivors (1024K)
 Metaspace       used 95856K, capacity 98485K, committed 98764K, reserved 1134592K
  class space    used 12272K, capacity 13194K, committed 13260K, reserved 1048576K
}
Event: 238.793 GC heap before
{Heap before GC invocations=91 (full 0):
 garbage-first heap   total 189440K, used 165040K [0x00000000a0000000, 0x0000000100000000)
  region size 1024K, 53 young (54272K), 1 survivors (1024K)
 Metaspace       used 98737K, capacity 101375K, committed 101708K, reserved 1136640K
  class space    used 12585K, capacity 13511K, committed 13644K, reserved 1048576K
}
Event: 238.801 GC heap after
{Heap after GC invocations=92 (full 0):
 garbage-first heap   total 189440K, used 113671K [0x00000000a0000000, 0x0000000100000000)
  region size 1024K, 2 young (2048K), 2 survivors (2048K)
 Metaspace       used 98737K, capacity 101375K, committed 101708K, reserved 1136640K
  class space    used 12585K, capacity 13511K, committed 13644K, reserved 1048576K
}
Event: 242.544 GC heap before
{Heap before GC invocations=92 (full 0):
 garbage-first heap   total 189440K, used 163847K [0x00000000a0000000, 0x0000000100000000)
  region size 1024K, 52 young (53248K), 2 survivors (2048K)
 Metaspace       used 101805K, capacity 104621K, committed 104652K, reserved 1140736K
  class space    used 13005K, capacity 14010K, committed 14028K, reserved 1048576K
}
Event: 242.557 GC heap after
{Heap after GC invocations=93 (full 0):
 garbage-first heap   total 189440K, used 116554K [0x00000000a0000000, 0x0000000100000000)
  region size 1024K, 5 young (5120K), 5 survivors (5120K)
 Metaspace       used 101805K, capacity 104621K, committed 104652K, reserved 1140736K
  class space    used 13005K, capacity 14010K, committed 14028K, reserved 1048576K
}
Event: 296.324 GC heap before
{Heap before GC invocations=94 (full 0):
 garbage-first heap   total 189440K, used 162634K [0x00000000a0000000, 0x0000000100000000)
  region size 1024K, 51 young (52224K), 5 survivors (5120K)
 Metaspace       used 105699K, capacity 108686K, committed 108876K, reserved 1144832K
  class space    used 13361K, capacity 14406K, committed 14412K, reserved 1048576K
}
Event: 296.343 GC heap after
{Heap after GC invocations=95 (full 0):
 garbage-first heap   total 189440K, used 118131K [0x00000000a0000000, 0x0000000100000000)
  region size 1024K, 5 young (5120K), 5 survivors (5120K)
 Metaspace       used 105699K, capacity 108686K, committed 108876K, reserved 1144832K
  class space    used 13361K, capacity 14406K, committed 14412K, reserved 1048576K
}

Deoptimization events (20 events):
Event: 297.466 Thread 0x0000021a60862000 Uncommon trap: trap_request=0xffffff4d fr.pc=0x0000021a50d19f28 relative=0x0000000000000568
Event: 297.466 Thread 0x0000021a60862000 Uncommon trap: reason=unstable_if action=reinterpret pc=0x0000021a50d19f28 method=java.util.concurrent.ConcurrentLinkedQueue.updateHead(Ljava/util/concurrent/ConcurrentLinkedQueue$Node;Ljava/util/concurrent/ConcurrentLinkedQueue$Node;)V @ 14 c2
Event: 297.466 Thread 0x0000021a60862000 DEOPT PACKING pc=0x0000021a50d19f28 sp=0x000000fda19fe5c0
Event: 297.466 Thread 0x0000021a60862000 DEOPT UNPACKING pc=0x0000021a48fc78af sp=0x000000fda19fe510 mode 2
Event: 297.482 Thread 0x0000021a5fc6b800 Uncommon trap: trap_request=0xffffff45 fr.pc=0x0000021a515a8c58 relative=0x0000000000000298
Event: 297.482 Thread 0x0000021a5fc6b800 Uncommon trap: reason=unstable_fused_if action=reinterpret pc=0x0000021a515a8c58 method=java.io.LineNumberReader.read([CII)I @ 59 c2
Event: 297.482 Thread 0x0000021a5fc6b800 DEOPT PACKING pc=0x0000021a515a8c58 sp=0x000000fda05f4600
Event: 297.482 Thread 0x0000021a5fc6b800 DEOPT UNPACKING pc=0x0000021a48fc78af sp=0x000000fda05f45a8 mode 2
Event: 297.585 Thread 0x0000021a5fc6b800 Uncommon trap: trap_request=0xffffffbe fr.pc=0x0000021a515b5314 relative=0x0000000000000f94
Event: 297.585 Thread 0x0000021a5fc6b800 Uncommon trap: reason=profile_predicate action=maybe_recompile pc=0x0000021a515b5314 method=java.util.regex.Pattern$CharPropertyGreedy.match(Ljava/util/regex/Matcher;ILjava/lang/CharSequence;)Z @ 12 c2
Event: 297.585 Thread 0x0000021a5fc6b800 DEOPT PACKING pc=0x0000021a515b5314 sp=0x000000fda05f55a0
Event: 297.585 Thread 0x0000021a5fc6b800 DEOPT UNPACKING pc=0x0000021a48fc78af sp=0x000000fda05f5530 mode 2
Event: 297.585 Thread 0x0000021a5fc6b800 Uncommon trap: trap_request=0xffffffbe fr.pc=0x0000021a515b5314 relative=0x0000000000000f94
Event: 297.585 Thread 0x0000021a5fc6b800 Uncommon trap: reason=profile_predicate action=maybe_recompile pc=0x0000021a515b5314 method=java.util.regex.Pattern$CharPropertyGreedy.match(Ljava/util/regex/Matcher;ILjava/lang/CharSequence;)Z @ 12 c2
Event: 297.585 Thread 0x0000021a5fc6b800 DEOPT PACKING pc=0x0000021a515b5314 sp=0x000000fda05f5380
Event: 297.585 Thread 0x0000021a5fc6b800 DEOPT UNPACKING pc=0x0000021a48fc78af sp=0x000000fda05f5310 mode 2
Event: 297.586 Thread 0x0000021a5fc6b800 Uncommon trap: trap_request=0xffffffbe fr.pc=0x0000021a515b5314 relative=0x0000000000000f94
Event: 297.586 Thread 0x0000021a5fc6b800 Uncommon trap: reason=profile_predicate action=maybe_recompile pc=0x0000021a515b5314 method=java.util.regex.Pattern$CharPropertyGreedy.match(Ljava/util/regex/Matcher;ILjava/lang/CharSequence;)Z @ 12 c2
Event: 297.586 Thread 0x0000021a5fc6b800 DEOPT PACKING pc=0x0000021a515b5314 sp=0x000000fda05f51b0
Event: 297.586 Thread 0x0000021a5fc6b800 DEOPT UNPACKING pc=0x0000021a48fc78af sp=0x000000fda05f5140 mode 2

Classes redefined (0 events):
No events

Internal exceptions (20 events):
Event: 242.583 Thread 0x0000021a66153000 Exception <a 'java/lang/ClassNotFoundException'{0x00000000ab6806c8}: org/gradle/internal/logging/services/DefaultLoggingManagerBeanInfo> (0x00000000ab6806c8) thrown at [./src/hotspot/share/classfile/systemDictionary.cpp, line 231]
Event: 242.584 Thread 0x0000021a66153000 Exception <a 'java/lang/ClassNotFoundException'{0x00000000ab6b30f8}: org/gradle/internal/logging/services/DefaultLoggingManagerCustomizer> (0x00000000ab6b30f8) thrown at [./src/hotspot/share/classfile/systemDictionary.cpp, line 231]
Event: 242.589 Thread 0x0000021a66153000 Exception <a 'java/lang/ClassNotFoundException'{0x00000000ab6ecee8}: java/lang/BooleanBeanInfo> (0x00000000ab6ecee8) thrown at [./src/hotspot/share/classfile/systemDictionary.cpp, line 231]
Event: 242.590 Thread 0x0000021a66153000 Exception <a 'java/lang/ClassNotFoundException'{0x00000000ab6f6988}: java/lang/BooleanCustomizer> (0x00000000ab6f6988) thrown at [./src/hotspot/share/classfile/systemDictionary.cpp, line 231]
Event: 243.016 Thread 0x0000021a66150800 Exception <a 'java/lang/NoSuchMethodError'{0x00000000ab598fb0}: 'void java.lang.invoke.DirectMethodHandle$Holder.invokeStatic(java.lang.Object, long)'> (0x00000000ab598fb0) thrown at [./src/hotspot/share/interpreter/linkResolver.cpp, line 773]
Event: 243.017 Thread 0x0000021a66150800 Exception <a 'java/lang/NoSuchMethodError'{0x00000000ab59e1c8}: 'java.lang.Object java.lang.invoke.DirectMethodHandle$Holder.invokeStatic(java.lang.Object, long)'> (0x00000000ab59e1c8) thrown at [./src/hotspot/share/interpreter/linkResolver.cpp, line 773]
Event: 243.022 Thread 0x0000021a66150800 Exception <a 'java/lang/NoSuchMethodError'{0x00000000ab5ac600}: 'java.lang.Object java.lang.invoke.DirectMethodHandle$Holder.invokeStaticInit(java.lang.Object, java.lang.Object, long, java.lang.Object)'> (0x00000000ab5ac600) thrown at [./src/hotspot/share/interpreter/linkResolver.cpp, line 773]
Event: 243.023 Thread 0x0000021a66150800 Exception <a 'java/lang/NoSuchMethodError'{0x00000000ab5b24f0}: 'java.lang.Object java.lang.invoke.DirectMethodHandle$Holder.invokeStatic(java.lang.Object, java.lang.Object, long)'> (0x00000000ab5b24f0) thrown at [./src/hotspot/share/interpreter/linkResolver.cpp, line 773]
Event: 243.024 Thread 0x0000021a66150800 Exception <a 'java/lang/NoSuchMethodError'{0x00000000ab5b87c0}: 'java.lang.Object java.lang.invoke.Invokers$Holder.linkToTargetMethod(java.lang.Object, long, java.lang.Object)'> (0x00000000ab5b87c0) thrown at [./src/hotspot/share/interpreter/linkResolver.cpp, line 773]
Event: 268.751 Thread 0x0000021a66153000 Exception <a 'java/lang/reflect/InvocationTargetException'{0x00000000ab54e550}> (0x00000000ab54e550) thrown at [./src/hotspot/share/runtime/reflection.cpp, line 1247]
Event: 268.773 Thread 0x0000021a66153000 Exception <a 'java/lang/NoSuchMethodError'{0x00000000ab30c710}: 'void java.lang.invoke.DirectMethodHandle$Holder.invokeStatic(java.lang.Object, java.lang.Object, java.lang.Object, java.lang.Object, java.lang.Object, java.lang.Object, java.lang.Object)'> (0x00000000ab30c710) thrown at [./src/hotspot/share/interpreter/linkResolver.cpp, line 773]
Event: 268.803 Thread 0x0000021a66153000 Exception <a 'java/lang/NoSuchMethodError'{0x00000000ab2db4e8}: 'void java.lang.invoke.DirectMethodHandle$Holder.invokeInterface(java.lang.Object, java.lang.Object)'> (0x00000000ab2db4e8) thrown at [./src/hotspot/share/interpreter/linkResolver.cpp, line 773]
Event: 270.038 Thread 0x0000021a5fc6b800 Exception <a 'java/lang/NoSuchMethodError'{0x00000000aad6b1c0}: 'int java.lang.invoke.DirectMethodHandle$Holder.invokeVirtual(java.lang.Object, java.lang.Object, java.lang.Object)'> (0x00000000aad6b1c0) thrown at [./src/hotspot/share/interpreter/linkResolver.cpp, line 773]
Event: 270.408 Thread 0x0000021a5fc6b800 Implicit null exception at 0x0000021a5152dbf4 to 0x0000021a5152e0fc
Event: 270.642 Thread 0x0000021a5f9a6000 Exception <a 'java/lang/NoSuchMethodError'{0x00000000aa5bd210}: <clinit>> (0x00000000aa5bd210) thrown at [./src/hotspot/share/prims/jni.cpp, line 1362]
Event: 270.643 Thread 0x0000021a5f9a6000 Exception <a 'java/lang/NoSuchMethodError'{0x00000000aa5d5638}: <clinit>> (0x00000000aa5d5638) thrown at [./src/hotspot/share/prims/jni.cpp, line 1362]
Event: 270.644 Thread 0x0000021a5f9a6000 Exception <a 'java/lang/NoSuchMethodError'{0x00000000aa5d9520}: <clinit>> (0x00000000aa5d9520) thrown at [./src/hotspot/share/prims/jni.cpp, line 1362]
Event: 270.645 Thread 0x0000021a5f9a6000 Exception <a 'java/lang/NoSuchMethodError'{0x00000000aa5eb688}: <clinit>> (0x00000000aa5eb688) thrown at [./src/hotspot/share/prims/jni.cpp, line 1362]
Event: 270.646 Thread 0x0000021a5f9a6000 Exception <a 'java/lang/NoSuchMethodError'{0x00000000aa5f77d8}: <clinit>> (0x00000000aa5f77d8) thrown at [./src/hotspot/share/prims/jni.cpp, line 1362]
Event: 279.401 Thread 0x0000021a5fb60800 Implicit null exception at 0x0000021a50e3bff7 to 0x0000021a50e3c5e4

Events (20 events):
Event: 296.139 Thread 0x0000021a63377800 Thread added: 0x0000021a63377800
Event: 296.139 Thread 0x0000021a63372800 Thread added: 0x0000021a63372800
Event: 296.139 Thread 0x0000021a6337b800 Thread added: 0x0000021a6337b800
Event: 296.139 Thread 0x0000021a63379000 Thread added: 0x0000021a63379000
Event: 296.140 Thread 0x0000021a6337a000 Thread added: 0x0000021a6337a000
Event: 296.140 Thread 0x0000021a6337b000 Thread added: 0x0000021a6337b000
Event: 296.140 Thread 0x0000021a6337e000 Thread added: 0x0000021a6337e000
Event: 296.140 Thread 0x0000021a6337d800 Thread added: 0x0000021a6337d800
Event: 296.140 Thread 0x0000021a6337c800 Thread added: 0x0000021a6337c800
Event: 296.140 Thread 0x0000021a67da5800 Thread added: 0x0000021a67da5800
Event: 296.324 Executing VM operation: G1CollectForAllocation
Event: 296.343 Executing VM operation: G1CollectForAllocation done
Event: 297.220 Executing VM operation: ICBufferFull
Event: 297.221 Executing VM operation: ICBufferFull done
Event: 297.312 Thread 0x0000021a62cb0800 Thread exited: 0x0000021a62cb0800
Event: 297.477 Thread 0x0000021a67da2800 Thread added: 0x0000021a67da2800
Event: 297.482 Executing VM operation: RevokeBias
Event: 297.482 Executing VM operation: RevokeBias done
Event: 297.686 Executing VM operation: BulkRevokeBias
Event: 297.687 Executing VM operation: BulkRevokeBias done


Dynamic libraries:
0x00007ff76a000000 - 0x00007ff76a00a000 	C:\Program Files\Android\Android Studio\jre\bin\java.exe
0x00007ffaaef70000 - 0x00007ffaaf165000 	C:\WINDOWS\SYSTEM32\ntdll.dll
0x00007ffaacfc0000 - 0x00007ffaad07e000 	C:\WINDOWS\System32\KERNEL32.DLL
0x00007ffaac6f0000 - 0x00007ffaac9b9000 	C:\WINDOWS\System32\KERNELBASE.dll
0x00007ffaacec0000 - 0x00007ffaacfc0000 	C:\WINDOWS\System32\ucrtbase.dll
0x00007ffa9dcb0000 - 0x00007ffa9dcc7000 	C:\Program Files\Android\Android Studio\jre\bin\VCRUNTIME140.dll
0x00007ffa9de00000 - 0x00007ffa9de19000 	C:\Program Files\Android\Android Studio\jre\bin\jli.dll
0x00007ffaaed80000 - 0x00007ffaaef21000 	C:\WINDOWS\System32\USER32.dll
0x00007ffaacc70000 - 0x00007ffaacc92000 	C:\WINDOWS\System32\win32u.dll
0x00007ffaaeac0000 - 0x00007ffaaeaeb000 	C:\WINDOWS\System32\GDI32.dll
0x00007ffaacdb0000 - 0x00007ffaacebb000 	C:\WINDOWS\System32\gdi32full.dll
0x00007ffaac9c0000 - 0x00007ffaaca5d000 	C:\WINDOWS\System32\msvcp_win.dll
0x00007ffa9ad10000 - 0x00007ffa9afaa000 	C:\WINDOWS\WinSxS\amd64_microsoft.windows.common-controls_6595b64144ccf1df_6.0.19041.1110_none_60b5254171f9507e\COMCTL32.dll
0x00007ffaaeaf0000 - 0x00007ffaaeb8e000 	C:\WINDOWS\System32\msvcrt.dll
0x00007ffaae130000 - 0x00007ffaae160000 	C:\WINDOWS\System32\IMM32.DLL
0x00007ffa75480000 - 0x00007ffa7551d000 	C:\Program Files\Android\Android Studio\jre\bin\msvcp140.dll
0x00007ffa7a360000 - 0x00007ffa7ae2f000 	C:\Program Files\Android\Android Studio\jre\bin\server\jvm.dll
0x00007ffaaeb90000 - 0x00007ffaaec3c000 	C:\WINDOWS\System32\ADVAPI32.dll
0x00007ffaae660000 - 0x00007ffaae6fb000 	C:\WINDOWS\System32\sechost.dll
0x00007ffaad440000 - 0x00007ffaad56a000 	C:\WINDOWS\System32\RPCRT4.dll
0x00007ffaaed70000 - 0x00007ffaaed78000 	C:\WINDOWS\System32\PSAPI.DLL
0x00007ffaa9f50000 - 0x00007ffaa9f59000 	C:\WINDOWS\SYSTEM32\WSOCK32.dll
0x00007ffa9afb0000 - 0x00007ffa9afd7000 	C:\WINDOWS\SYSTEM32\WINMM.dll
0x00007ffaae160000 - 0x00007ffaae1cb000 	C:\WINDOWS\System32\WS2_32.dll
0x00007ffa9a0a0000 - 0x00007ffa9a0aa000 	C:\WINDOWS\SYSTEM32\VERSION.dll
0x00007ffaaa590000 - 0x00007ffaaa5a2000 	C:\WINDOWS\SYSTEM32\kernel.appcore.dll
0x00007ffaa7a00000 - 0x00007ffaa7a11000 	C:\Program Files\Android\Android Studio\jre\bin\verify.dll
0x00007ffa9a9d0000 - 0x00007ffa9abb4000 	C:\WINDOWS\SYSTEM32\DBGHELP.DLL
0x00007ffa9a870000 - 0x00007ffa9a89c000 	C:\WINDOWS\SYSTEM32\dbgcore.DLL
0x00007ffaaccf0000 - 0x00007ffaacd73000 	C:\WINDOWS\System32\bcryptPrimitives.dll
0x00007ffa9c120000 - 0x00007ffa9c149000 	C:\Program Files\Android\Android Studio\jre\bin\java.dll
0x00007ffaa9760000 - 0x00007ffaa976b000 	C:\Program Files\Android\Android Studio\jre\bin\jimage.dll
0x00007ffa9e980000 - 0x00007ffa9e998000 	C:\Program Files\Android\Android Studio\jre\bin\zip.dll
0x00007ffaad9f0000 - 0x00007ffaae12f000 	C:\WINDOWS\System32\SHELL32.dll
0x00007ffaaa790000 - 0x00007ffaaaf20000 	C:\WINDOWS\SYSTEM32\windows.storage.dll
0x00007ffaad690000 - 0x00007ffaad9e5000 	C:\WINDOWS\System32\combase.dll
0x00007ffaac070000 - 0x00007ffaac09c000 	C:\WINDOWS\SYSTEM32\Wldp.dll
0x00007ffaae810000 - 0x00007ffaae8be000 	C:\WINDOWS\System32\SHCORE.dll
0x00007ffaad3e0000 - 0x00007ffaad435000 	C:\WINDOWS\System32\shlwapi.dll
0x00007ffaac5d0000 - 0x00007ffaac5ef000 	C:\WINDOWS\SYSTEM32\profapi.dll
0x00007ffa9dfd0000 - 0x00007ffa9dfea000 	C:\Program Files\Android\Android Studio\jre\bin\net.dll
0x00007ffaa0020000 - 0x00007ffaa0128000 	C:\WINDOWS\SYSTEM32\WINHTTP.dll
0x00007ffaabdd0000 - 0x00007ffaabe3a000 	C:\WINDOWS\system32\mswsock.dll
0x00007ffa9c440000 - 0x00007ffa9c454000 	C:\Program Files\Android\Android Studio\jre\bin\nio.dll
0x00007ffa9dc80000 - 0x00007ffa9dca7000 	C:\Users\Administrator\.gradle\native\8bec1ad78214c89d9ad589b4d07fe93259594b29d510b10fafb7a158f7737e5d\windows-amd64\native-platform.dll
0x00007ffa750a0000 - 0x00007ffa751dd000 	C:\Users\Administrator\.gradle\native\53dbd7edfb1c66fb8903c78663c9afc45aea4f116125fa6feffd364cf09443e8\windows-amd64\native-platform-file-events.dll
0x00007ffaa5cb0000 - 0x00007ffaa5cba000 	C:\Program Files\Android\Android Studio\jre\bin\management.dll
0x00007ffaa5b50000 - 0x00007ffaa5b5c000 	C:\Program Files\Android\Android Studio\jre\bin\management_ext.dll
0x00007ffaabfc0000 - 0x00007ffaabfd8000 	C:\WINDOWS\SYSTEM32\CRYPTSP.dll
0x00007ffaab6f0000 - 0x00007ffaab724000 	C:\WINDOWS\system32\rsaenh.dll
0x00007ffaacd80000 - 0x00007ffaacda7000 	C:\WINDOWS\System32\bcrypt.dll
0x00007ffaac590000 - 0x00007ffaac5be000 	C:\WINDOWS\SYSTEM32\USERENV.dll
0x00007ffaabfe0000 - 0x00007ffaabfec000 	C:\WINDOWS\SYSTEM32\CRYPTBASE.dll
0x00007ffaabac0000 - 0x00007ffaabafb000 	C:\WINDOWS\SYSTEM32\IPHLPAPI.DLL
0x00007ffaae650000 - 0x00007ffaae658000 	C:\WINDOWS\System32\NSI.dll
0x00007ffaa0a40000 - 0x00007ffaa0a57000 	C:\WINDOWS\SYSTEM32\dhcpcsvc6.DLL
0x00007ffaa1ae0000 - 0x00007ffaa1afd000 	C:\WINDOWS\SYSTEM32\dhcpcsvc.DLL
0x00007ffaabb00000 - 0x00007ffaabbcc000 	C:\WINDOWS\SYSTEM32\DNSAPI.dll
0x00007ffa9b780000 - 0x00007ffa9b7a7000 	C:\Program Files\Android\Android Studio\jre\bin\sunec.dll
0x00007ffa9f6e0000 - 0x00007ffa9f6ea000 	C:\Windows\System32\rasadhlp.dll
0x00007ffa9f9a0000 - 0x00007ffa9fa1f000 	C:\WINDOWS\System32\fwpuclnt.dll

dbghelp: loaded successfully - version: 4.0.5 - missing functions: none
symbol engine: initialized successfully - sym options: 0x614 - pdb path: .;C:\Program Files\Android\Android Studio\jre\bin;C:\WINDOWS\SYSTEM32;C:\WINDOWS\WinSxS\amd64_microsoft.windows.common-controls_6595b64144ccf1df_6.0.19041.1110_none_60b5254171f9507e;C:\Program Files\Android\Android Studio\jre\bin\server;C:\Users\Administrator\.gradle\native\8bec1ad78214c89d9ad589b4d07fe93259594b29d510b10fafb7a158f7737e5d\windows-amd64;C:\Users\Administrator\.gradle\native\53dbd7edfb1c66fb8903c78663c9afc45aea4f116125fa6feffd364cf09443e8\windows-amd64

VM Arguments:
jvm_args: --add-opens=java.base/java.util=ALL-UNNAMED --add-opens=java.base/java.lang=ALL-UNNAMED --add-opens=java.base/java.lang.invoke=ALL-UNNAMED --add-opens=java.base/java.util=ALL-UNNAMED --add-opens=java.prefs/java.util.prefs=ALL-UNNAMED --add-opens=java.prefs/java.util.prefs=ALL-UNNAMED --add-opens=java.base/java.nio.charset=ALL-UNNAMED --add-opens=java.base/java.net=ALL-UNNAMED --add-opens=java.base/java.util.concurrent.atomic=ALL-UNNAMED -Xmx1536M -Dfile.encoding=windows-1252 -Duser.country=US -Duser.language=en -Duser.variant 
java_command: org.gradle.launcher.daemon.bootstrap.GradleDaemon 7.1.1
java_class_path (initial): C:\Users\Administrator\.gradle\wrapper\dists\gradle-7.1.1-all\1wqbeia0d49252rmlcr6o8lbl\gradle-7.1.1\lib\gradle-launcher-7.1.1.jar
Launcher Type: SUN_STANDARD

[Global flags]
     intx CICompilerCount                          = 3                                         {product} {ergonomic}
     uint ConcGCThreads                            = 1                                         {product} {ergonomic}
     uint G1ConcRefinementThreads                  = 4                                         {product} {ergonomic}
   size_t G1HeapRegionSize                         = 1048576                                   {product} {ergonomic}
    uintx GCDrainStackTargetSize                   = 64                                        {product} {ergonomic}
   size_t InitialHeapSize                          = 134217728                                 {product} {ergonomic}
   size_t MarkStackSize                            = 4194304                                   {product} {ergonomic}
   size_t MaxHeapSize                              = 1610612736                                {product} {command line}
   size_t MaxNewSize                               = 965738496                                 {product} {ergonomic}
   size_t MinHeapDeltaBytes                        = 1048576                                   {product} {ergonomic}
    uintx NonNMethodCodeHeapSize                   = 5830732                                {pd product} {ergonomic}
    uintx NonProfiledCodeHeapSize                  = 122913754                              {pd product} {ergonomic}
    uintx ProfiledCodeHeapSize                     = 122913754                              {pd product} {ergonomic}
    uintx ReservedCodeCacheSize                    = 251658240                              {pd product} {ergonomic}
     bool SegmentedCodeCache                       = true                                      {product} {ergonomic}
     bool UseCompressedClassPointers               = true                                 {lp64_product} {ergonomic}
     bool UseCompressedOops                        = true                                 {lp64_product} {ergonomic}
     bool UseG1GC                                  = true                                      {product} {ergonomic}
     bool UseLargePagesIndividualAllocation        = false                                  {pd product} {ergonomic}

Logging:
Log output configuration:
 #0: stdout all=warning uptime,level,tags
 #1: stderr all=off uptime,level,tags

Environment Variables:
JAVA_HOME=C:\Program Files\Android\Android Studio\jre
CLASSPATH=C:\Users\Administrator\AndroidStudioProjects\Pokedex\android\\gradle\wrapper\gradle-wrapper.jar
PATH=C:\Program Files (x86)\Common Files\Oracle\Java\javapath;C:\Program Files (x86)\NVIDIA Corporation\PhysX\Common;C:\Program Files\Broadcom\Broadcom 802.11 Network Adapter;C:\Program Files (x86)\Intel\iCLS Client\;C:\Program Files\Intel\iCLS Client\;C:\Windows\system32;C:\Windows;C:\Windows\System32\Wbem;C:\Windows\System32\WindowsPowerShell\v1.0\;C:\Program Files\Intel\Intel(R) Management Engine Components\DAL;C:\Program Files\Intel\Intel(R) Management Engine Components\IPT;C:\Program Files (x86)\Intel\Intel(R) Management Engine Components\DAL;C:\Program Files (x86)\Intel\Intel(R) Management Engine Components\IPT;C:\Program Files\WIDCOMM\Bluetooth Software\;C:\Program Files\WIDCOMM\Bluetooth Software\syswow64;C:\Program Files\Acer\Remote Files\;C:\Program Files\nodejs\;C:\Program Files\Git\cmd;C:\WINDOWS\system32;C:\WINDOWS;C:\WINDOWS\System32\Wbem;C:\WINDOWS\System32\WindowsPowerShell\v1.0\;C:\WINDOWS\System32\OpenSSH\;C:\Program Files\MATLAB\MATLAB Production Server\R2015a\runtime\win64;C:\Program Files\MATLAB\MATLAB Production Server\R2015a\bin;C:\Program Files\MATLAB\MATLAB Production Server\R2015a\polyspace\bin;C:\Program Files\Java\jre1.8.0_251\bin;C:\Program Files\Java\jdk1.8.0_251\bin;C:\src\flutter\flutter\bin;C:\Program Files\Microsoft VS Code\bin;C:\Program Files\MongoDB\Server\4.4\bin;C:\Program Files\heroku\bin;C:\msys64\mingw64\bin;C:\Program Files\OpenSSL-Win64\bin;C:\Users\Administrator\.gradle\bin;C:\src\flutter\flutter\bin;C:\Users\Administrator\AppData\Local\Microsoft\WindowsApps;C:\Users\Administrator\AppData\Local\Programs\Microsoft VS Code\bin;C:\Program Files\heroku\bin;C:\msys64\mingw64\bin;C:\Program Files\OpenSSL-Win64\bin;C:\Users\Administrator\AppData\Local\Pub\Cache\bin;C:\Users\Administrator\AppData\Local\Android\Sdk;C:\Users\Administrator\AppData\Local\Android\Sdk\platform-tools;;C:\src\flutter\flutter\bin\mingit\cmd
USERNAME=Administrator
OS=Windows_NT
PROCESSOR_IDENTIFIER=Intel64 Family 6 Model 69 Stepping 1, GenuineIntel



---------------  S Y S T E M  ---------------

OS: Windows 10 , 64 bit Build 19041 (10.0.19041.1202)
OS uptime: 4 days 14:36 hours

CPU:total 4 (initial active 4) (2 cores per cpu, 2 threads per core) family 6 model 69 stepping 1 microcode 0x25, cmov, cx8, fxsr, mmx, sse, sse2, sse3, ssse3, sse4.1, sse4.2, popcnt, avx, avx2, aes, clmul, erms, lzcnt, ht, tsc, tscinvbit, bmi1, bmi2, fma

Memory: 4k page, system-wide physical 8115M (762M free)
TotalPageFile size 10025M (AvailPageFile size 30M)
current process WorkingSet (physical memory assigned to process): 497M, peak: 501M
current process commit charge ("private bytes"): 527M, peak: 532M

vm_info: OpenJDK 64-Bit Server VM (11.0.10+0-b96-7249189) for windows-amd64 JRE (11.0.10+0-b96-7249189), built on Mar 31 2021 21:44:00 by "builder" with MS VC++ 14.0 (VS2015)

END.
